{"/Users/francocontreras/Downloads/Inacap_1_2026/FrontEnd/Proyectos/minibanco-react/src/components/MovementHistory.jsx": {"path":"/Users/francocontreras/Downloads/Inacap_1_2026/FrontEnd/Proyectos/minibanco-react/src/components/MovementHistory.jsx","statementMap":{"0":{"start":{"line":5,"column":13},"end":{"line":89,"column":null}},"1":{"start":{"line":6,"column":10},"end":{"line":6,"column":null}},"2":{"start":{"line":7,"column":20},"end":{"line":7,"column":null}},"3":{"start":{"line":8,"column":18},"end":{"line":8,"column":null}},"4":{"start":{"line":10,"column":21},"end":{"line":10,"column":null}},"5":{"start":{"line":11,"column":21},"end":{"line":11,"column":null}},"6":{"start":{"line":13,"column":2},"end":{"line":20,"column":null}},"7":{"start":{"line":14,"column":4},"end":{"line":14,"column":null}},"8":{"start":{"line":14,"column":21},"end":{"line":14,"column":null}},"9":{"start":{"line":15,"column":10},"end":{"line":18,"column":null}},"10":{"start":{"line":16,"column":18},"end":{"line":16,"column":38}},"11":{"start":{"line":16,"column":38},"end":{"line":16,"column":57}},"12":{"start":{"line":17,"column":19},"end":{"line":17,"column":41}},"13":{"start":{"line":17,"column":41},"end":{"line":17,"column":60}},"14":{"start":{"line":19,"column":4},"end":{"line":19,"column":null}},"15":{"start":{"line":19,"column":17},"end":{"line":19,"column":null}},"16":{"start":{"line":22,"column":28},"end":{"line":31,"column":null}},"17":{"start":{"line":23,"column":21},"end":{"line":23,"column":null}},"18":{"start":{"line":24,"column":24},"end":{"line":24,"column":null}},"19":{"start":{"line":26,"column":4},"end":{"line":26,"column":null}},"20":{"start":{"line":26,"column":44},"end":{"line":26,"column":null}},"21":{"start":{"line":27,"column":4},"end":{"line":27,"column":null}},"22":{"start":{"line":27,"column":47},"end":{"line":27,"column":null}},"23":{"start":{"line":28,"column":4},"end":{"line":28,"column":null}},"24":{"start":{"line":28,"column":85},"end":{"line":28,"column":null}},"25":{"start":{"line":30,"column":4},"end":{"line":30,"column":null}},"26":{"start":{"line":33,"column":2},"end":{"line":33,"column":null}},"27":{"start":{"line":33,"column":15},"end":{"line":33,"column":null}},"28":{"start":{"line":35,"column":2},"end":{"line":87,"column":null}},"29":{"start":{"line":45,"column":27},"end":{"line":45,"column":null}},"30":{"start":{"line":48,"column":98},"end":{"line":48,"column":120}},"31":{"start":{"line":49,"column":103},"end":{"line":49,"column":130}},"32":{"start":{"line":50,"column":99},"end":{"line":50,"column":122}},"33":{"start":{"line":59,"column":29},"end":{"line":59,"column":null}},"34":{"start":{"line":60,"column":32},"end":{"line":60,"column":null}},"35":{"start":{"line":62,"column":31},"end":{"line":62,"column":null}},"36":{"start":{"line":63,"column":28},"end":{"line":63,"column":null}},"37":{"start":{"line":64,"column":31},"end":{"line":64,"column":null}},"38":{"start":{"line":66,"column":26},"end":{"line":66,"column":null}},"39":{"start":{"line":68,"column":12},"end":{"line":82,"column":null}}},"fnMap":{"0":{"name":"(anonymous_0)","decl":{"start":{"line":5,"column":13},"end":{"line":5,"column":37}},"loc":{"start":{"line":5,"column":37},"end":{"line":89,"column":null}},"line":5},"1":{"name":"(anonymous_1)","decl":{"start":{"line":13,"column":2},"end":{"line":13,"column":18}},"loc":{"start":{"line":13,"column":18},"end":{"line":20,"column":5}},"line":13},"2":{"name":"(anonymous_2)","decl":{"start":{"line":15,"column":56},"end":{"line":15,"column":null}},"loc":{"start":{"line":16,"column":16},"end":{"line":16,"column":null}},"line":16},"3":{"name":"(anonymous_3)","decl":{"start":{"line":16,"column":57},"end":{"line":16,"column":null}},"loc":{"start":{"line":17,"column":17},"end":{"line":17,"column":null}},"line":17},"4":{"name":"(anonymous_4)","decl":{"start":{"line":19,"column":4},"end":{"line":19,"column":17}},"loc":{"start":{"line":19,"column":17},"end":{"line":19,"column":null}},"line":19},"5":{"name":"(anonymous_5)","decl":{"start":{"line":22,"column":38},"end":{"line":22,"column":45}},"loc":{"start":{"line":22,"column":52},"end":{"line":31,"column":3}},"line":22},"6":{"name":"(anonymous_6)","decl":{"start":{"line":45,"column":10},"end":{"line":45,"column":21}},"loc":{"start":{"line":45,"column":27},"end":{"line":45,"column":null}},"line":45},"7":{"name":"(anonymous_7)","decl":{"start":{"line":48,"column":83},"end":{"line":48,"column":98}},"loc":{"start":{"line":48,"column":98},"end":{"line":48,"column":120}},"line":48},"8":{"name":"(anonymous_8)","decl":{"start":{"line":49,"column":88},"end":{"line":49,"column":103}},"loc":{"start":{"line":49,"column":103},"end":{"line":49,"column":130}},"line":49},"9":{"name":"(anonymous_9)","decl":{"start":{"line":50,"column":84},"end":{"line":50,"column":99}},"loc":{"start":{"line":50,"column":99},"end":{"line":50,"column":122}},"line":50},"10":{"name":"(anonymous_10)","decl":{"start":{"line":58,"column":29},"end":{"line":58,"column":34}},"loc":{"start":{"line":58,"column":42},"end":{"line":84,"column":11}},"line":58}},"branchMap":{"0":{"loc":{"start":{"line":14,"column":4},"end":{"line":14,"column":null}},"type":"if","locations":[{"start":{"line":14,"column":4},"end":{"line":14,"column":null}},{"start":{},"end":{}}],"line":14},"1":{"loc":{"start":{"line":24,"column":24},"end":{"line":24,"column":null}},"type":"cond-expr","locations":[{"start":{"line":24,"column":35},"end":{"line":24,"column":55}},{"start":{"line":24,"column":55},"end":{"line":24,"column":null}}],"line":24},"2":{"loc":{"start":{"line":26,"column":4},"end":{"line":26,"column":null}},"type":"if","locations":[{"start":{"line":26,"column":4},"end":{"line":26,"column":null}},{"start":{},"end":{}}],"line":26},"3":{"loc":{"start":{"line":26,"column":8},"end":{"line":26,"column":44}},"type":"binary-expr","locations":[{"start":{"line":26,"column":8},"end":{"line":26,"column":33}},{"start":{"line":26,"column":33},"end":{"line":26,"column":44}}],"line":26},"4":{"loc":{"start":{"line":27,"column":4},"end":{"line":27,"column":null}},"type":"if","locations":[{"start":{"line":27,"column":4},"end":{"line":27,"column":null}},{"start":{},"end":{}}],"line":27},"5":{"loc":{"start":{"line":27,"column":8},"end":{"line":27,"column":47}},"type":"binary-expr","locations":[{"start":{"line":27,"column":8},"end":{"line":27,"column":37}},{"start":{"line":27,"column":37},"end":{"line":27,"column":47}}],"line":27},"6":{"loc":{"start":{"line":28,"column":4},"end":{"line":28,"column":null}},"type":"if","locations":[{"start":{"line":28,"column":4},"end":{"line":28,"column":null}},{"start":{},"end":{}}],"line":28},"7":{"loc":{"start":{"line":28,"column":8},"end":{"line":28,"column":85}},"type":"binary-expr","locations":[{"start":{"line":28,"column":8},"end":{"line":28,"column":22}},{"start":{"line":28,"column":22},"end":{"line":28,"column":85}}],"line":28},"8":{"loc":{"start":{"line":33,"column":2},"end":{"line":33,"column":null}},"type":"if","locations":[{"start":{"line":33,"column":2},"end":{"line":33,"column":null}},{"start":{},"end":{}}],"line":33},"9":{"loc":{"start":{"line":48,"column":43},"end":{"line":48,"column":83}},"type":"cond-expr","locations":[{"start":{"line":48,"column":66},"end":{"line":48,"column":77}},{"start":{"line":48,"column":77},"end":{"line":48,"column":83}}],"line":48},"10":{"loc":{"start":{"line":49,"column":43},"end":{"line":49,"column":88}},"type":"cond-expr","locations":[{"start":{"line":49,"column":71},"end":{"line":49,"column":82}},{"start":{"line":49,"column":82},"end":{"line":49,"column":88}}],"line":49},"11":{"loc":{"start":{"line":50,"column":43},"end":{"line":50,"column":84}},"type":"cond-expr","locations":[{"start":{"line":50,"column":67},"end":{"line":50,"column":78}},{"start":{"line":50,"column":78},"end":{"line":50,"column":84}}],"line":50},"12":{"loc":{"start":{"line":54,"column":7},"end":{"line":85,"column":null}},"type":"cond-expr","locations":[{"start":{"line":55,"column":8},"end":{"line":57,"column":9}},{"start":{"line":57,"column":8},"end":{"line":85,"column":null}}],"line":54},"13":{"loc":{"start":{"line":60,"column":32},"end":{"line":60,"column":null}},"type":"cond-expr","locations":[{"start":{"line":60,"column":43},"end":{"line":60,"column":63}},{"start":{"line":60,"column":63},"end":{"line":60,"column":null}}],"line":60},"14":{"loc":{"start":{"line":62,"column":31},"end":{"line":62,"column":null}},"type":"cond-expr","locations":[{"start":{"line":62,"column":42},"end":{"line":62,"column":63}},{"start":{"line":62,"column":63},"end":{"line":62,"column":null}}],"line":62},"15":{"loc":{"start":{"line":63,"column":28},"end":{"line":63,"column":null}},"type":"cond-expr","locations":[{"start":{"line":63,"column":39},"end":{"line":63,"column":66}},{"start":{"line":63,"column":66},"end":{"line":63,"column":null}}],"line":63},"16":{"loc":{"start":{"line":64,"column":31},"end":{"line":64,"column":null}},"type":"cond-expr","locations":[{"start":{"line":64,"column":42},"end":{"line":64,"column":60}},{"start":{"line":64,"column":60},"end":{"line":64,"column":null}}],"line":64},"17":{"loc":{"start":{"line":66,"column":26},"end":{"line":66,"column":null}},"type":"cond-expr","locations":[{"start":{"line":66,"column":38},"end":{"line":66,"column":177}},{"start":{"line":66,"column":177},"end":{"line":66,"column":null}}],"line":66},"18":{"loc":{"start":{"line":72,"column":21},"end":{"line":72,"column":null}},"type":"cond-expr","locations":[{"start":{"line":72,"column":32},"end":{"line":72,"column":42}},{"start":{"line":72,"column":42},"end":{"line":72,"column":null}}],"line":72},"19":{"loc":{"start":{"line":80,"column":19},"end":{"line":80,"column":40}},"type":"cond-expr","locations":[{"start":{"line":80,"column":30},"end":{"line":80,"column":36}},{"start":{"line":80,"column":36},"end":{"line":80,"column":40}}],"line":80}},"s":{"0":1,"1":6,"2":6,"3":6,"4":6,"5":6,"6":6,"7":4,"8":0,"9":4,"10":2,"11":2,"12":0,"13":0,"14":4,"15":4,"16":6,"17":2,"18":2,"19":2,"20":0,"21":2,"22":0,"23":2,"24":0,"25":2,"26":6,"27":4,"28":2,"29":0,"30":0,"31":0,"32":0,"33":2,"34":2,"35":2,"36":2,"37":2,"38":2,"39":2},"f":{"0":6,"1":4,"2":2,"3":0,"4":4,"5":2,"6":0,"7":0,"8":0,"9":0,"10":2},"b":{"0":[0,4],"1":[1,1],"2":[0,2],"3":[2,0],"4":[0,2],"5":[2,0],"6":[0,2],"7":[2,0],"8":[4,2],"9":[2,0],"10":[0,2],"11":[0,2],"12":[1,1],"13":[1,1],"14":[1,1],"15":[1,1],"16":[1,1],"17":[2,0],"18":[1,1],"19":[1,1]},"meta":{"lastBranch":20,"lastFunction":11,"lastStatement":40,"seen":{"s:5:13:89:Infinity":0,"f:5:13:5:37":0,"s:6:10:6:Infinity":1,"s:7:20:7:Infinity":2,"s:8:18:8:Infinity":3,"s:10:21:10:Infinity":4,"s:11:21:11:Infinity":5,"s:13:2:20:Infinity":6,"f:13:2:13:18":1,"b:14:4:14:Infinity:undefined:undefined:undefined:undefined":0,"s:14:4:14:Infinity":7,"s:14:21:14:Infinity":8,"s:15:10:18:Infinity":9,"f:15:56:15:Infinity":2,"s:16:18:16:38":10,"s:16:38:16:57":11,"f:16:57:16:Infinity":3,"s:17:19:17:41":12,"s:17:41:17:60":13,"s:19:4:19:Infinity":14,"f:19:4:19:17":4,"s:19:17:19:Infinity":15,"s:22:28:31:Infinity":16,"f:22:38:22:45":5,"s:23:21:23:Infinity":17,"s:24:24:24:Infinity":18,"b:24:35:24:55:24:55:24:Infinity":1,"b:26:4:26:Infinity:undefined:undefined:undefined:undefined":2,"s:26:4:26:Infinity":19,"b:26:8:26:33:26:33:26:44":3,"s:26:44:26:Infinity":20,"b:27:4:27:Infinity:undefined:undefined:undefined:undefined":4,"s:27:4:27:Infinity":21,"b:27:8:27:37:27:37:27:47":5,"s:27:47:27:Infinity":22,"b:28:4:28:Infinity:undefined:undefined:undefined:undefined":6,"s:28:4:28:Infinity":23,"b:28:8:28:22:28:22:28:85":7,"s:28:85:28:Infinity":24,"s:30:4:30:Infinity":25,"b:33:2:33:Infinity:undefined:undefined:undefined:undefined":8,"s:33:2:33:Infinity":26,"s:33:15:33:Infinity":27,"s:35:2:87:Infinity":28,"f:45:10:45:21":6,"s:45:27:45:Infinity":29,"b:48:66:48:77:48:77:48:83":9,"f:48:83:48:98":7,"s:48:98:48:120":30,"b:49:71:49:82:49:82:49:88":10,"f:49:88:49:103":8,"s:49:103:49:130":31,"b:50:67:50:78:50:78:50:84":11,"f:50:84:50:99":9,"s:50:99:50:122":32,"b:55:8:57:9:57:8:85:Infinity":12,"f:58:29:58:34":10,"s:59:29:59:Infinity":33,"s:60:32:60:Infinity":34,"b:60:43:60:63:60:63:60:Infinity":13,"s:62:31:62:Infinity":35,"b:62:42:62:63:62:63:62:Infinity":14,"s:63:28:63:Infinity":36,"b:63:39:63:66:63:66:63:Infinity":15,"s:64:31:64:Infinity":37,"b:64:42:64:60:64:60:64:Infinity":16,"s:66:26:66:Infinity":38,"b:66:38:66:177:66:177:66:Infinity":17,"s:68:12:82:Infinity":39,"b:72:32:72:42:72:42:72:Infinity":18,"b:80:30:80:36:80:36:80:40":19},"fnNames":{}}}
,"/Users/francocontreras/Downloads/Inacap_1_2026/FrontEnd/Proyectos/minibanco-react/src/components/TransferForm.jsx": {"path":"/Users/francocontreras/Downloads/Inacap_1_2026/FrontEnd/Proyectos/minibanco-react/src/components/TransferForm.jsx","statementMap":{"0":{"start":{"line":6,"column":13},"end":{"line":64,"column":null}},"1":{"start":{"line":7,"column":10},"end":{"line":7,"column":null}},"2":{"start":{"line":8,"column":16},"end":{"line":8,"column":null}},"3":{"start":{"line":9,"column":17},"end":{"line":9,"column":null}},"4":{"start":{"line":10,"column":18},"end":{"line":10,"column":null}},"5":{"start":{"line":11,"column":16},"end":{"line":11,"column":null}},"6":{"start":{"line":12,"column":18},"end":{"line":12,"column":null}},"7":{"start":{"line":14,"column":23},"end":{"line":39,"column":null}},"8":{"start":{"line":15,"column":4},"end":{"line":15,"column":null}},"9":{"start":{"line":16,"column":4},"end":{"line":16,"column":null}},"10":{"start":{"line":17,"column":4},"end":{"line":17,"column":null}},"11":{"start":{"line":20,"column":10},"end":{"line":20,"column":null}},"12":{"start":{"line":22,"column":4},"end":{"line":25,"column":null}},"13":{"start":{"line":23,"column":6},"end":{"line":23,"column":null}},"14":{"start":{"line":24,"column":6},"end":{"line":24,"column":null}},"15":{"start":{"line":27,"column":4},"end":{"line":27,"column":null}},"16":{"start":{"line":29,"column":4},"end":{"line":38,"column":null}},"17":{"start":{"line":30,"column":6},"end":{"line":30,"column":null}},"18":{"start":{"line":31,"column":6},"end":{"line":31,"column":null}},"19":{"start":{"line":32,"column":6},"end":{"line":32,"column":null}},"20":{"start":{"line":33,"column":6},"end":{"line":33,"column":null}},"21":{"start":{"line":35,"column":6},"end":{"line":35,"column":null}},"22":{"start":{"line":37,"column":6},"end":{"line":37,"column":null}},"23":{"start":{"line":41,"column":2},"end":{"line":62,"column":null}},"24":{"start":{"line":51,"column":87},"end":{"line":51,"column":113}},"25":{"start":{"line":55,"column":90},"end":{"line":55,"column":117}}},"fnMap":{"0":{"name":"(anonymous_0)","decl":{"start":{"line":6,"column":13},"end":{"line":6,"column":34}},"loc":{"start":{"line":6,"column":34},"end":{"line":64,"column":null}},"line":6},"1":{"name":"(anonymous_1)","decl":{"start":{"line":14,"column":23},"end":{"line":14,"column":30}},"loc":{"start":{"line":14,"column":36},"end":{"line":39,"column":null}},"line":14},"2":{"name":"(anonymous_2)","decl":{"start":{"line":51,"column":70},"end":{"line":51,"column":81}},"loc":{"start":{"line":51,"column":87},"end":{"line":51,"column":113}},"line":51},"3":{"name":"(anonymous_3)","decl":{"start":{"line":55,"column":73},"end":{"line":55,"column":84}},"loc":{"start":{"line":55,"column":90},"end":{"line":55,"column":117}},"line":55}},"branchMap":{"0":{"loc":{"start":{"line":22,"column":4},"end":{"line":25,"column":null}},"type":"if","locations":[{"start":{"line":22,"column":4},"end":{"line":25,"column":null}},{"start":{},"end":{}}],"line":22},"1":{"loc":{"start":{"line":35,"column":15},"end":{"line":35,"column":58}},"type":"binary-expr","locations":[{"start":{"line":35,"column":15},"end":{"line":35,"column":30}},{"start":{"line":35,"column":30},"end":{"line":35,"column":58}}],"line":35},"2":{"loc":{"start":{"line":44,"column":7},"end":{"line":44,"column":null}},"type":"binary-expr","locations":[{"start":{"line":44,"column":7},"end":{"line":44,"column":16}},{"start":{"line":44,"column":16},"end":{"line":44,"column":null}}],"line":44},"3":{"loc":{"start":{"line":45,"column":7},"end":{"line":45,"column":null}},"type":"binary-expr","locations":[{"start":{"line":45,"column":7},"end":{"line":45,"column":18}},{"start":{"line":45,"column":18},"end":{"line":45,"column":null}}],"line":45},"4":{"loc":{"start":{"line":59,"column":11},"end":{"line":59,"column":null}},"type":"cond-expr","locations":[{"start":{"line":59,"column":21},"end":{"line":59,"column":39}},{"start":{"line":59,"column":39},"end":{"line":59,"column":null}}],"line":59}},"s":{"0":1,"1":51,"2":51,"3":51,"4":51,"5":51,"6":51,"7":51,"8":2,"9":2,"10":2,"11":2,"12":2,"13":1,"14":1,"15":1,"16":1,"17":1,"18":1,"19":1,"20":1,"21":0,"22":1,"23":51,"24":34,"25":11},"f":{"0":51,"1":2,"2":34,"3":11},"b":{"0":[1,1],"1":[0,0],"2":[51,1],"3":[51,1],"4":[1,50]},"meta":{"lastBranch":5,"lastFunction":4,"lastStatement":26,"seen":{"s:6:13:64:Infinity":0,"f:6:13:6:34":0,"s:7:10:7:Infinity":1,"s:8:16:8:Infinity":2,"s:9:17:9:Infinity":3,"s:10:18:10:Infinity":4,"s:11:16:11:Infinity":5,"s:12:18:12:Infinity":6,"s:14:23:39:Infinity":7,"f:14:23:14:30":1,"s:15:4:15:Infinity":8,"s:16:4:16:Infinity":9,"s:17:4:17:Infinity":10,"s:20:10:20:Infinity":11,"b:22:4:25:Infinity:undefined:undefined:undefined:undefined":0,"s:22:4:25:Infinity":12,"s:23:6:23:Infinity":13,"s:24:6:24:Infinity":14,"s:27:4:27:Infinity":15,"s:29:4:38:Infinity":16,"s:30:6:30:Infinity":17,"s:31:6:31:Infinity":18,"s:32:6:32:Infinity":19,"s:33:6:33:Infinity":20,"s:35:6:35:Infinity":21,"b:35:15:35:30:35:30:35:58":1,"s:37:6:37:Infinity":22,"s:41:2:62:Infinity":23,"b:44:7:44:16:44:16:44:Infinity":2,"b:45:7:45:18:45:18:45:Infinity":3,"f:51:70:51:81":2,"s:51:87:51:113":24,"f:55:73:55:84":3,"s:55:90:55:117":25,"b:59:21:59:39:59:39:59:Infinity":4},"fnNames":{}}}
,"/Users/francocontreras/Downloads/Inacap_1_2026/FrontEnd/Proyectos/minibanco-react/src/context/AuthContext.jsx": {"path":"/Users/francocontreras/Downloads/Inacap_1_2026/FrontEnd/Proyectos/minibanco-react/src/context/AuthContext.jsx","statementMap":{"0":{"start":{"line":3,"column":13},"end":{"line":3,"column":null}},"1":{"start":{"line":5,"column":6},"end":{"line":14,"column":null}},"2":{"start":{"line":6,"column":2},"end":{"line":13,"column":null}},"3":{"start":{"line":8,"column":6},"end":{"line":8,"column":null}},"4":{"start":{"line":10,"column":6},"end":{"line":10,"column":null}},"5":{"start":{"line":12,"column":6},"end":{"line":12,"column":null}},"6":{"start":{"line":16,"column":13},"end":{"line":24,"column":null}},"7":{"start":{"line":17,"column":16},"end":{"line":17,"column":null}},"8":{"start":{"line":19,"column":2},"end":{"line":22,"column":null}}},"fnMap":{"0":{"name":"(anonymous_0)","decl":{"start":{"line":5,"column":6},"end":{"line":5,"column":21}},"loc":{"start":{"line":5,"column":39},"end":{"line":14,"column":null}},"line":5},"1":{"name":"(anonymous_1)","decl":{"start":{"line":16,"column":13},"end":{"line":16,"column":29}},"loc":{"start":{"line":16,"column":46},"end":{"line":24,"column":null}},"line":16}},"branchMap":{"0":{"loc":{"start":{"line":6,"column":2},"end":{"line":13,"column":null}},"type":"switch","locations":[{"start":{"line":7,"column":4},"end":{"line":8,"column":null}},{"start":{"line":9,"column":4},"end":{"line":10,"column":null}},{"start":{"line":11,"column":4},"end":{"line":12,"column":null}}],"line":6}},"s":{"0":3,"1":3,"2":0,"3":0,"4":0,"5":0,"6":3,"7":0,"8":0},"f":{"0":0,"1":0},"b":{"0":[0,0,0]},"meta":{"lastBranch":1,"lastFunction":2,"lastStatement":9,"seen":{"s:3:13:3:Infinity":0,"s:5:6:14:Infinity":1,"f:5:6:5:21":0,"b:7:4:8:Infinity:9:4:10:Infinity:11:4:12:Infinity":0,"s:6:2:13:Infinity":2,"s:8:6:8:Infinity":3,"s:10:6:10:Infinity":4,"s:12:6:12:Infinity":5,"s:16:13:24:Infinity":6,"f:16:13:16:29":1,"s:17:16:17:Infinity":7,"s:19:2:22:Infinity":8},"fnNames":{}}}
,"/Users/francocontreras/Downloads/Inacap_1_2026/FrontEnd/Proyectos/minibanco-react/src/pages/Login.jsx": {"path":"/Users/francocontreras/Downloads/Inacap_1_2026/FrontEnd/Proyectos/minibanco-react/src/pages/Login.jsx","statementMap":{"0":{"start":{"line":6,"column":13},"end":{"line":110,"column":null}},"1":{"start":{"line":7,"column":16},"end":{"line":7,"column":null}},"2":{"start":{"line":8,"column":19},"end":{"line":8,"column":null}},"3":{"start":{"line":9,"column":17},"end":{"line":9,"column":null}},"4":{"start":{"line":10,"column":21},"end":{"line":10,"column":null}},"5":{"start":{"line":11,"column":16},"end":{"line":11,"column":null}},"6":{"start":{"line":12,"column":18},"end":{"line":12,"column":null}},"7":{"start":{"line":14,"column":10},"end":{"line":14,"column":null}},"8":{"start":{"line":15,"column":8},"end":{"line":15,"column":null}},"9":{"start":{"line":17,"column":23},"end":{"line":48,"column":null}},"10":{"start":{"line":18,"column":4},"end":{"line":18,"column":null}},"11":{"start":{"line":19,"column":4},"end":{"line":19,"column":null}},"12":{"start":{"line":21,"column":4},"end":{"line":24,"column":null}},"13":{"start":{"line":22,"column":6},"end":{"line":22,"column":null}},"14":{"start":{"line":23,"column":6},"end":{"line":23,"column":null}},"15":{"start":{"line":26,"column":4},"end":{"line":26,"column":null}},"16":{"start":{"line":28,"column":4},"end":{"line":47,"column":null}},"17":{"start":{"line":30,"column":6},"end":{"line":35,"column":null}},"18":{"start":{"line":31,"column":8},"end":{"line":31,"column":null}},"19":{"start":{"line":31,"column":28},"end":{"line":31,"column":null}},"20":{"start":{"line":32,"column":8},"end":{"line":32,"column":null}},"21":{"start":{"line":34,"column":8},"end":{"line":34,"column":null}},"22":{"start":{"line":38,"column":6},"end":{"line":41,"column":null}},"23":{"start":{"line":39,"column":8},"end":{"line":39,"column":null}},"24":{"start":{"line":40,"column":8},"end":{"line":40,"column":null}},"25":{"start":{"line":42,"column":6},"end":{"line":42,"column":null}},"26":{"start":{"line":44,"column":6},"end":{"line":44,"column":null}},"27":{"start":{"line":46,"column":6},"end":{"line":46,"column":null}},"28":{"start":{"line":50,"column":2},"end":{"line":108,"column":null}},"29":{"start":{"line":57,"column":27},"end":{"line":57,"column":null}},"30":{"start":{"line":79,"column":65},"end":{"line":79,"column":92}},"31":{"start":{"line":85,"column":63},"end":{"line":85,"column":89}},"32":{"start":{"line":90,"column":69},"end":{"line":90,"column":98}},"33":{"start":{"line":104,"column":47},"end":{"line":104,"column":75}},"34":{"start":{"line":104,"column":75},"end":{"line":104,"column":91}}},"fnMap":{"0":{"name":"(anonymous_0)","decl":{"start":{"line":6,"column":13},"end":{"line":6,"column":22}},"loc":{"start":{"line":6,"column":49},"end":{"line":110,"column":null}},"line":6},"1":{"name":"(anonymous_1)","decl":{"start":{"line":17,"column":23},"end":{"line":17,"column":30}},"loc":{"start":{"line":17,"column":36},"end":{"line":48,"column":null}},"line":17},"2":{"name":"(anonymous_2)","decl":{"start":{"line":57,"column":10},"end":{"line":57,"column":21}},"loc":{"start":{"line":57,"column":27},"end":{"line":57,"column":null}},"line":57},"3":{"name":"(anonymous_3)","decl":{"start":{"line":79,"column":48},"end":{"line":79,"column":59}},"loc":{"start":{"line":79,"column":65},"end":{"line":79,"column":92}},"line":79},"4":{"name":"(anonymous_4)","decl":{"start":{"line":85,"column":46},"end":{"line":85,"column":57}},"loc":{"start":{"line":85,"column":63},"end":{"line":85,"column":89}},"line":85},"5":{"name":"(anonymous_5)","decl":{"start":{"line":90,"column":52},"end":{"line":90,"column":63}},"loc":{"start":{"line":90,"column":69},"end":{"line":90,"column":98}},"line":90},"6":{"name":"(anonymous_6)","decl":{"start":{"line":104,"column":30},"end":{"line":104,"column":45}},"loc":{"start":{"line":104,"column":45},"end":{"line":104,"column":94}},"line":104}},"branchMap":{"0":{"loc":{"start":{"line":21,"column":4},"end":{"line":24,"column":null}},"type":"if","locations":[{"start":{"line":21,"column":4},"end":{"line":24,"column":null}},{"start":{},"end":{}}],"line":21},"1":{"loc":{"start":{"line":21,"column":8},"end":{"line":21,"column":43}},"type":"binary-expr","locations":[{"start":{"line":21,"column":8},"end":{"line":21,"column":25}},{"start":{"line":21,"column":25},"end":{"line":21,"column":43}}],"line":21},"2":{"loc":{"start":{"line":30,"column":6},"end":{"line":35,"column":null}},"type":"if","locations":[{"start":{"line":30,"column":6},"end":{"line":35,"column":null}},{"start":{"line":33,"column":13},"end":{"line":35,"column":null}}],"line":30},"3":{"loc":{"start":{"line":31,"column":8},"end":{"line":31,"column":null}},"type":"if","locations":[{"start":{"line":31,"column":8},"end":{"line":31,"column":null}},{"start":{},"end":{}}],"line":31},"4":{"loc":{"start":{"line":38,"column":6},"end":{"line":41,"column":null}},"type":"if","locations":[{"start":{"line":38,"column":6},"end":{"line":41,"column":null}},{"start":{},"end":{}}],"line":38},"5":{"loc":{"start":{"line":44,"column":15},"end":{"line":44,"column":57}},"type":"binary-expr","locations":[{"start":{"line":44,"column":15},"end":{"line":44,"column":30}},{"start":{"line":44,"column":30},"end":{"line":44,"column":57}}],"line":44},"6":{"loc":{"start":{"line":69,"column":13},"end":{"line":69,"column":null}},"type":"cond-expr","locations":[{"start":{"line":69,"column":26},"end":{"line":69,"column":65}},{"start":{"line":69,"column":65},"end":{"line":69,"column":null}}],"line":69},"7":{"loc":{"start":{"line":73,"column":9},"end":{"line":73,"column":null}},"type":"binary-expr","locations":[{"start":{"line":73,"column":9},"end":{"line":73,"column":18}},{"start":{"line":73,"column":18},"end":{"line":73,"column":null}}],"line":73},"8":{"loc":{"start":{"line":76,"column":11},"end":{"line":80,"column":null}},"type":"binary-expr","locations":[{"start":{"line":76,"column":11},"end":{"line":76,"column":null}},{"start":{"line":77,"column":12},"end":{"line":80,"column":null}}],"line":76},"9":{"loc":{"start":{"line":94,"column":13},"end":{"line":94,"column":null}},"type":"cond-expr","locations":[{"start":{"line":94,"column":23},"end":{"line":94,"column":42}},{"start":{"line":94,"column":42},"end":{"line":94,"column":null}}],"line":94},"10":{"loc":{"start":{"line":94,"column":42},"end":{"line":94,"column":null}},"type":"cond-expr","locations":[{"start":{"line":94,"column":55},"end":{"line":94,"column":71}},{"start":{"line":94,"column":71},"end":{"line":94,"column":null}}],"line":94},"11":{"loc":{"start":{"line":105,"column":11},"end":{"line":105,"column":null}},"type":"cond-expr","locations":[{"start":{"line":105,"column":24},"end":{"line":105,"column":61}},{"start":{"line":105,"column":61},"end":{"line":105,"column":null}}],"line":105}},"s":{"0":1,"1":56,"2":56,"3":56,"4":56,"5":56,"6":56,"7":56,"8":56,"9":56,"10":3,"11":3,"12":3,"13":1,"14":1,"15":2,"16":2,"17":2,"18":0,"19":0,"20":0,"21":2,"22":1,"23":1,"24":1,"25":1,"26":1,"27":2,"28":56,"29":0,"30":0,"31":29,"32":17,"33":0,"34":0},"f":{"0":56,"1":3,"2":0,"3":0,"4":29,"5":17,"6":0},"b":{"0":[1,2],"1":[3,2],"2":[0,2],"3":[0,0],"4":[1,0],"5":[1,0],"6":[0,56],"7":[56,2],"8":[56,0],"9":[2,54],"10":[0,54],"11":[0,56]},"meta":{"lastBranch":12,"lastFunction":7,"lastStatement":35,"seen":{"s:6:13:110:Infinity":0,"f:6:13:6:22":0,"s:7:16:7:Infinity":1,"s:8:19:8:Infinity":2,"s:9:17:9:Infinity":3,"s:10:21:10:Infinity":4,"s:11:16:11:Infinity":5,"s:12:18:12:Infinity":6,"s:14:10:14:Infinity":7,"s:15:8:15:Infinity":8,"s:17:23:48:Infinity":9,"f:17:23:17:30":1,"s:18:4:18:Infinity":10,"s:19:4:19:Infinity":11,"b:21:4:24:Infinity:undefined:undefined:undefined:undefined":0,"s:21:4:24:Infinity":12,"b:21:8:21:25:21:25:21:43":1,"s:22:6:22:Infinity":13,"s:23:6:23:Infinity":14,"s:26:4:26:Infinity":15,"s:28:4:47:Infinity":16,"b:30:6:35:Infinity:33:13:35:Infinity":2,"s:30:6:35:Infinity":17,"b:31:8:31:Infinity:undefined:undefined:undefined:undefined":3,"s:31:8:31:Infinity":18,"s:31:28:31:Infinity":19,"s:32:8:32:Infinity":20,"s:34:8:34:Infinity":21,"b:38:6:41:Infinity:undefined:undefined:undefined:undefined":4,"s:38:6:41:Infinity":22,"s:39:8:39:Infinity":23,"s:40:8:40:Infinity":24,"s:42:6:42:Infinity":25,"s:44:6:44:Infinity":26,"b:44:15:44:30:44:30:44:57":5,"s:46:6:46:Infinity":27,"s:50:2:108:Infinity":28,"f:57:10:57:21":2,"s:57:27:57:Infinity":29,"b:69:26:69:65:69:65:69:Infinity":6,"b:73:9:73:18:73:18:73:Infinity":7,"b:76:11:76:Infinity:77:12:80:Infinity":8,"f:79:48:79:59":3,"s:79:65:79:92":30,"f:85:46:85:57":4,"s:85:63:85:89":31,"f:90:52:90:63":5,"s:90:69:90:98":32,"b:94:23:94:42:94:42:94:Infinity":9,"b:94:55:94:71:94:71:94:Infinity":10,"f:104:30:104:45":6,"s:104:47:104:75":33,"s:104:75:104:91":34,"b:105:24:105:61:105:61:105:Infinity":11},"fnNames":{}}}
,"/Users/francocontreras/Downloads/Inacap_1_2026/FrontEnd/Proyectos/minibanco-react/src/utils/validaciones.js": {"path":"/Users/francocontreras/Downloads/Inacap_1_2026/FrontEnd/Proyectos/minibanco-react/src/utils/validaciones.js","statementMap":{"0":{"start":{"line":1,"column":13},"end":{"line":29,"column":null}},"1":{"start":{"line":2,"column":19},"end":{"line":2,"column":null}},"2":{"start":{"line":5,"column":2},"end":{"line":7,"column":null}},"3":{"start":{"line":6,"column":4},"end":{"line":6,"column":null}},"4":{"start":{"line":9,"column":2},"end":{"line":11,"column":null}},"5":{"start":{"line":10,"column":4},"end":{"line":10,"column":null}},"6":{"start":{"line":14,"column":2},"end":{"line":16,"column":null}},"7":{"start":{"line":15,"column":4},"end":{"line":15,"column":null}},"8":{"start":{"line":19,"column":2},"end":{"line":21,"column":null}},"9":{"start":{"line":20,"column":4},"end":{"line":20,"column":null}},"10":{"start":{"line":23,"column":2},"end":{"line":25,"column":null}},"11":{"start":{"line":24,"column":4},"end":{"line":24,"column":null}},"12":{"start":{"line":28,"column":2},"end":{"line":28,"column":null}}},"fnMap":{"0":{"name":"(anonymous_0)","decl":{"start":{"line":1,"column":13},"end":{"line":1,"column":37}},"loc":{"start":{"line":1,"column":91},"end":{"line":29,"column":null}},"line":1}},"branchMap":{"0":{"loc":{"start":{"line":5,"column":2},"end":{"line":7,"column":null}},"type":"if","locations":[{"start":{"line":5,"column":2},"end":{"line":7,"column":null}},{"start":{},"end":{}}],"line":5},"1":{"loc":{"start":{"line":5,"column":6},"end":{"line":5,"column":50}},"type":"binary-expr","locations":[{"start":{"line":5,"column":6},"end":{"line":5,"column":16}},{"start":{"line":5,"column":16},"end":{"line":5,"column":35}},{"start":{"line":5,"column":35},"end":{"line":5,"column":50}}],"line":5},"2":{"loc":{"start":{"line":9,"column":2},"end":{"line":11,"column":null}},"type":"if","locations":[{"start":{"line":9,"column":2},"end":{"line":11,"column":null}},{"start":{},"end":{}}],"line":9},"3":{"loc":{"start":{"line":14,"column":2},"end":{"line":16,"column":null}},"type":"if","locations":[{"start":{"line":14,"column":2},"end":{"line":16,"column":null}},{"start":{},"end":{}}],"line":14},"4":{"loc":{"start":{"line":19,"column":2},"end":{"line":21,"column":null}},"type":"if","locations":[{"start":{"line":19,"column":2},"end":{"line":21,"column":null}},{"start":{},"end":{}}],"line":19},"5":{"loc":{"start":{"line":19,"column":6},"end":{"line":19,"column":52}},"type":"binary-expr","locations":[{"start":{"line":19,"column":6},"end":{"line":19,"column":23}},{"start":{"line":19,"column":23},"end":{"line":19,"column":52}}],"line":19},"6":{"loc":{"start":{"line":23,"column":2},"end":{"line":25,"column":null}},"type":"if","locations":[{"start":{"line":23,"column":2},"end":{"line":25,"column":null}},{"start":{},"end":{}}],"line":23}},"s":{"0":2,"1":11,"2":11,"3":3,"4":8,"5":1,"6":7,"7":2,"8":5,"9":2,"10":3,"11":1,"12":2},"f":{"0":11},"b":{"0":[3,8],"1":[11,10,9],"2":[1,7],"3":[2,5],"4":[2,3],"5":[5,4],"6":[1,2]},"meta":{"lastBranch":7,"lastFunction":1,"lastStatement":13,"seen":{"s:1:13:29:Infinity":0,"f:1:13:1:37":0,"s:2:19:2:Infinity":1,"b:5:2:7:Infinity:undefined:undefined:undefined:undefined":0,"s:5:2:7:Infinity":2,"b:5:6:5:16:5:16:5:35:5:35:5:50":1,"s:6:4:6:Infinity":3,"b:9:2:11:Infinity:undefined:undefined:undefined:undefined":2,"s:9:2:11:Infinity":4,"s:10:4:10:Infinity":5,"b:14:2:16:Infinity:undefined:undefined:undefined:undefined":3,"s:14:2:16:Infinity":6,"s:15:4:15:Infinity":7,"b:19:2:21:Infinity:undefined:undefined:undefined:undefined":4,"s:19:2:21:Infinity":8,"b:19:6:19:23:19:23:19:52":5,"s:20:4:20:Infinity":9,"b:23:2:25:Infinity:undefined:undefined:undefined:undefined":6,"s:23:2:25:Infinity":10,"s:24:4:24:Infinity":11,"s:28:2:28:Infinity":12},"fnNames":{}}}
}
